#
# A fatal error has been detected by the Java Runtime Environment:
#
#  EXCEPTION_ACCESS_VIOLATION (0xc0000005) at pc=0x000000006da4934b, pid=7188, tid=6724
#
# JRE version: 6.0_21-b07
# Java VM: Java HotSpot(TM) 64-Bit Server VM (17.0-b17 mixed mode windows-amd64 )
# Problematic frame:
# V  [jvm.dll+0x25934b]
#
# If you would like to submit a bug report, please visit:
#   http://java.sun.com/webapps/bugreport/crash.jsp
#

---------------  T H R E A D  ---------------

Current thread (0x0000000006da6800):  JavaThread "JDWP Transport Listener: dt_socket" daemon [_thread_in_vm, id=6724, stack(0x0000000008220000,0x0000000008320000)]

siginfo: ExceptionCode=0xc0000005, reading address 0x00003b3e003b3e3b

Registers:
EAX=0x000000000831f901, EBX=0x0000000006da6800, ECX=0x00003b3e003b3e3b, EDX=0x0000000006da6800
ESP=0x000000000831f960, EBP=0x00003b3e003b3e3b, ESI=0x000000000831fa40, EDI=0x00000000002b8880
EIP=0x000000006da4934b, EFLAGS=0x0000000000010202

Top of Stack: (sp=0x000000000831f960)
0x000000000831f960:   0000000000000000 000000006d4454d3
0x000000000831f970:   000000000831fb70 000000006da7e835
0x000000000831f980:   0000000006da6800 000000006da9d4fa
0x000000000831f990:   0000000000000000 000000006d4454d3
0x000000000831f9a0:   0000000006da6800 00000000002b8880
0x000000000831f9b0:   0000000006da6800 0000000000000000
0x000000000831f9c0:   0000000000000000 0000000000000000
0x000000000831f9d0:   0000000000000001 000000006d43ff6e
0x000000000831f9e0:   000000000831fa40 0000000006da0e90
0x000000000831f9f0:   0000000000000001 00003b3e003b3e3b
0x000000000831fa00:   0000000000000001 00003b3e003b3e3b
0x000000000831fa10:   000000000831fb70 000000006d424f64
0x000000000831fa20:   000000000831fb70 e004da0612000000
0x000000000831fa30:   0000000009cf95f0 0000000000000000
0x000000000831fa40:   000000120831fb00 0000000000000000
0x000000000831fa50:   0000000000000000 0000000000000000 

Instructions: (pc=0x000000006da4934b)
0x000000006da4933b:   cc cc cc cc cc 48 53 48 83 ec 20 48 85 c9 74 55
0x000000006da4934b:   48 8b 19 48 85 db 74 4d 48 b8 fe fe fe fe fe fe 


Stack: [0x0000000008220000,0x0000000008320000],  sp=0x000000000831f960,  free space=3fe0000000000000000k
Native frames: (J=compiled Java code, j=interpreted, Vv=VM code, C=native code)
V  [jvm.dll+0x25934b]


---------------  P R O C E S S  ---------------

Java Threads: ( => current thread )
  0x0000000006dd5000 JavaThread "Low Memory Detector" daemon [_thread_blocked, id=1708, stack(0x0000000008990000,0x0000000008a90000)]
  0x0000000006dd1000 JavaThread "CompilerThread1" daemon [_thread_blocked, id=5948, stack(0x0000000008890000,0x0000000008990000)]
  0x0000000006dca000 JavaThread "CompilerThread0" daemon [_thread_blocked, id=7032, stack(0x0000000008790000,0x0000000008890000)]
  0x0000000006db2800 JavaThread "JDWP Command Reader" daemon [_thread_in_native, id=7044, stack(0x0000000008690000,0x0000000008790000)]
  0x0000000006daf000 JavaThread "JDWP Event Helper Thread" daemon [_thread_blocked, id=7900, stack(0x0000000008420000,0x0000000008520000)]
=>0x0000000006da6800 JavaThread "JDWP Transport Listener: dt_socket" daemon [_thread_in_vm, id=6724, stack(0x0000000008220000,0x0000000008320000)]
  0x0000000006d98800 JavaThread "Attach Listener" daemon [_thread_blocked, id=8120, stack(0x0000000007b90000,0x0000000007c90000)]
  0x0000000006d97000 JavaThread "Signal Dispatcher" daemon [_thread_blocked, id=5048, stack(0x0000000007a90000,0x0000000007b90000)]
  0x0000000006d44000 JavaThread "Finalizer" daemon [_thread_blocked, id=6772, stack(0x0000000007990000,0x0000000007a90000)]
  0x0000000006d3d800 JavaThread "Reference Handler" daemon [_thread_blocked, id=4436, stack(0x0000000007890000,0x0000000007990000)]
  0x00000000002bc000 JavaThread "main" [_thread_in_native, id=1132, stack(0x00000000024a0000,0x00000000025a0000)]

Other Threads:
  0x0000000006d36800 VMThread [stack: 0x0000000007790000,0x0000000007890000] [id=7016]
  0x0000000006dcb000 WatcherThread [stack: 0x0000000008a90000,0x0000000008b90000] [id=6536]

VM state:not at safepoint (normal execution)

VM Mutex/Monitor currently owned by a thread: None

Heap
 PSYoungGen      total 74048K, used 9895K [0x000000012a950000, 0x000000012fbf0000, 0x000000017d3f0000)
  eden space 63488K, 14% used [0x000000012a950000,0x000000012b289d68,0x000000012e750000)
  from space 10560K, 4% used [0x000000012e750000,0x000000012e7c0030,0x000000012f1a0000)
  to   space 10560K, 0% used [0x000000012f1a0000,0x000000012f1a0000,0x000000012fbf0000)
 PSOldGen        total 169344K, used 0K [0x00000000853f0000, 0x000000008f950000, 0x000000012a950000)
  object space 169344K, 0% used [0x00000000853f0000,0x00000000853f0000,0x000000008f950000)
 PSPermGen       total 21248K, used 3410K [0x000000007fff0000, 0x00000000814b0000, 0x00000000853f0000)
  object space 21248K, 16% used [0x000000007fff0000,0x0000000080344928,0x00000000814b0000)

Dynamic libraries:
0x0000000000400000 - 0x000000000042e000 	C:\Program Files\Java\jre6\bin\javaw.exe
0x0000000077610000 - 0x00000000777b9000 	C:\Windows\SYSTEM32\ntdll.dll
0x0000000077030000 - 0x000000007714f000 	C:\Windows\system32\kernel32.dll
0x000007fefdb20000 - 0x000007fefdb8c000 	C:\Windows\system32\KERNELBASE.dll
0x000007fefe330000 - 0x000007fefe40b000 	C:\Windows\system32\ADVAPI32.dll
0x000007feff5a0000 - 0x000007feff63f000 	C:\Windows\system32\msvcrt.dll
0x000007feff900000 - 0x000007feff91f000 	C:\Windows\SYSTEM32\sechost.dll
0x000007feff640000 - 0x000007feff76d000 	C:\Windows\system32\RPCRT4.dll
0x0000000076f30000 - 0x000000007702a000 	C:\Windows\system32\USER32.dll
0x000007feff770000 - 0x000007feff7d7000 	C:\Windows\system32\GDI32.dll
0x000007fefdfc0000 - 0x000007fefdfce000 	C:\Windows\system32\LPK.dll
0x000007feff450000 - 0x000007feff519000 	C:\Windows\system32\USP10.dll
0x000007feff8d0000 - 0x000007feff8fe000 	C:\Windows\system32\IMM32.DLL
0x000007fefdeb0000 - 0x000007fefdfb9000 	C:\Windows\system32\MSCTF.dll
0x000000006d7f0000 - 0x000000006dec1000 	C:\Program Files\Java\jre6\bin\server\jvm.dll
0x000007fefb820000 - 0x000007fefb85b000 	C:\Windows\system32\WINMM.dll
0x000000006d760000 - 0x000000006d76e000 	C:\Program Files\Java\jre6\bin\verify.dll
0x000000006d3b0000 - 0x000000006d3d7000 	C:\Program Files\Java\jre6\bin\java.dll
0x000000006d310000 - 0x000000006d31a000 	C:\Program Files\Java\jre6\bin\hpi.dll
0x00000000777d0000 - 0x00000000777d7000 	C:\Windows\system32\PSAPI.DLL
0x000000006d420000 - 0x000000006d454000 	C:\Program Files\Java\jre6\bin\jdwp.dll
0x000000006d630000 - 0x000000006d638000 	C:\Program Files\Java\jre6\bin\npt.dll
0x000000006d7b0000 - 0x000000006d7c2000 	C:\Program Files\Java\jre6\bin\zip.dll
0x000000006d270000 - 0x000000006d279000 	C:\Program Files\Java\jre6\bin\dt_socket.dll
0x000007fefde60000 - 0x000007fefdead000 	C:\Windows\system32\WS2_32.dll
0x000007feff8c0000 - 0x000007feff8c8000 	C:\Windows\system32\NSI.dll
0x000007fefb5f0000 - 0x000007fefb605000 	C:\Windows\system32\NLAapi.dll
0x000007fef8030000 - 0x000007fef8045000 	C:\Windows\system32\napinsp.dll
0x000007fef8050000 - 0x000007fef8069000 	C:\Windows\system32\pnrpnsp.dll
0x000007fefd2c0000 - 0x000007fefd315000 	C:\Windows\System32\mswsock.dll
0x000007fefd140000 - 0x000007fefd19b000 	C:\Windows\system32\DNSAPI.dll
0x000007fef73c0000 - 0x000007fef73cb000 	C:\Windows\System32\winrnr.dll
0x0000000071730000 - 0x0000000071756000 	C:\Program Files\Bonjour\mdnsNSP.dll
0x000007fefa330000 - 0x000007fefa357000 	C:\Windows\system32\Iphlpapi.DLL
0x000007fefa320000 - 0x000007fefa32b000 	C:\Windows\system32\WINNSI.DLL
0x000007fefa1e0000 - 0x000007fefa233000 	C:\Windows\System32\fwpuclnt.dll
0x000007fef84b0000 - 0x000007fef84b8000 	C:\Windows\system32\rasadhlp.dll
0x0000000180000000 - 0x000000018006f000 	C:\Program Files\NVIDIA Corporation\NetworkAccessManager\bin32\nvLsp64.dll
0x000007feff240000 - 0x000007feff443000 	C:\Windows\system32\ole32.dll
0x000007feff7e0000 - 0x000007feff8b7000 	C:\Windows\system32\OLEAUT32.dll
0x000007fefcc70000 - 0x000007fefcc77000 	C:\Windows\System32\wshtcpip.dll

VM Arguments:
jvm_args: -agentlib:jdwp=transport=dt_socket,suspend=y,address=localhost:60646 -Dfile.encoding=Cp1252 
java_command: popout.control.Control
Launcher Type: SUN_STANDARD

Environment Variables:
CLASSPATH=.;C:\Program Files (x86)\Java\jre6\lib\ext\QTJava.zip
PATH=C:\Program Files (x86)\NVIDIA Corporation\PhysX\Common;C:\Ruby192\bin;C:\Xilinx\11.1\ChipScope\bin\nt64;C:\Xilinx\11.1\common\bin\nt64;C:\Xilinx\11.1\common\lib\nt64;C:\Xilinx\12.2\ISE_DS\PlanAhead\bin;C:\Xilinx\12.2\ISE_DS\ISE\bin\nt64;C:\Xilinx\12.2\ISE_DS\ISE\lib\nt64;C:\Windows\system32;C:\Windows;C:\Windows\System32\Wbem;C:\Windows\System32\WindowsPowerShell\v1.0\;C:\Program Files (x86)\ATI Technologies\ATI.ACE\Core-Static;c:\Program Files (x86)\Microsoft SQL Server\90\Tools\binn\;C:\Program Files\MATLAB\R2010b\bin;C:\Program Files (x86)\QuickTime\QTSystem\;C:\Wincupl\WINCUPL\EXE;C:\Wincupl\WINCUPL\FITTERS;C:\Modeltech_pe_edu_10.0\win32pe_edu;C:\Program Files (x86)\mongodb-win32-x86_64-1.9.2
USERNAME=Ben
OS=Windows_NT
PROCESSOR_IDENTIFIER=Intel64 Family 6 Model 30 Stepping 5, GenuineIntel



---------------  S Y S T E M  ---------------

OS: Windows 7 Build 7601 Service Pack 1

CPU:total 8 (8 cores per cpu, 2 threads per core) family 6 model 30 stepping 5, cmov, cx8, fxsr, mmx, sse, sse2, sse3, ssse3, sse4.1, sse4.2, popcnt, ht

Memory: 4k page, physical 16249912k(9423600k free), swap 32497972k(25644948k free)

vm_info: Java HotSpot(TM) 64-Bit Server VM (17.0-b17) for windows-amd64 JRE (1.6.0_21-b07), built on Jul 17 2010 01:05:36 by "java_re" with MS VC++ 8.0 (VS2005)

time: Fri Apr 06 19:51:46 2012
elapsed time: 4898 seconds

